빌드 시작 환경:
ALLUSERSPROFILE = C:\ProgramData
APPDATA = C:\Users\user\AppData\Roaming
APR_ICONV_PATH = C:\Program Files (x86)\Subversion\iconv
CommonProgramFiles = C:\Program Files (x86)\Common Files
CommonProgramFiles(x86) = C:\Program Files (x86)\Common Files
CommonProgramW6432 = C:\Program Files\Common Files
COMPUTERNAME = 1104-01
ComSpec = C:\WINDOWS\system32\cmd.exe
DriverData = C:\Windows\System32\Drivers\DriverData
ForceIdentityAuthenticationType = Embedded
FPS_BROWSER_APP_PROFILE_STRING = Internet Explorer
FPS_BROWSER_USER_PROFILE_STRING = Default
HOMEDRIVE = C:
HOMEPATH = \Users\user
LOCALAPPDATA = C:\Users\user\AppData\Local
LOGONSERVER = \\1104-01
MSBuildLoadMicrosoftTargetsReadOnly = true
NUMBER_OF_PROCESSORS = 8
OneDrive = C:\Users\user\OneDrive
OS = Windows_NT
Path = C:\Program Files\Python38\Scripts\;C:\Program Files\Python38\;C:\Program Files (x86)\NetSarang\Xshell 6\;C:\Program Files (x86)\Intel\iCLS Client\;C:\Program Files\Intel\iCLS Client\;C:\WINDOWS\system32;C:\WINDOWS;C:\WINDOWS\System32\Wbem;C:\WINDOWS\System32\WindowsPowerShell\v1.0\;C:\Program Files (x86)\Intel\Intel(R) Management Engine Components\DAL;C:\Program Files\Intel\Intel(R) Management Engine Components\DAL;C:\Program Files (x86)\Intel\Intel(R) Management Engine Components\IPT;C:\Program Files\Intel\Intel(R) Management Engine Components\IPT;C:\WINDOWS\System32\OpenSSH\;C:\Program Files\Git\cmd;C:\Program Files (x86)\Subversion\bin;C:\Program Files\TortoiseSVN\bin;C:\Users\user\AppData\Local\Programs\Python\Python38-32\Scripts\;C:\Users\user\AppData\Local\Programs\Python\Python38-32\;C:\Program Files\Python38\Scripts\;C:\Program Files\Python38\;C:\Program Files (x86)\NetSarang\Xshell 6\;C:\Program Files (x86)\Intel\iCLS Client\;C:\Program Files\Intel\iCLS Client\;C:\WINDOWS\system32;C:\WINDOWS;C:\WINDOWS\System32\Wbem;C:\WINDOWS\System32\WindowsPowerShell\v1.0\;C:\Program Files (x86)\Intel\Intel(R) Management Engine Components\DAL;C:\Program Files\Intel\Intel(R) Management Engine Components\DAL;C:\Program Files (x86)\Intel\Intel(R) Management Engine Components\IPT;C:\Program Files\Intel\Intel(R) Management Engine Components\IPT;C:\WINDOWS\System32\OpenSSH\;C:\Program Files\Git\cmd;C:\Program Files (x86)\Subversion\bin;C:\Program Files\TortoiseSVN\bin;C:\Users\user\AppData\Local\Microsoft\WindowsApps;C:\Users\user\AppData\Local\Programs\Microsoft VS Code\bin;c:\Users\user\AppData\Roaming\Python\Python38\Scripts\;
PATHEXT = .COM;.EXE;.BAT;.CMD;.VBS;.VBE;.JS;.JSE;.WSF;.WSH;.MSC
PkgDefApplicationConfigFile = C:\Users\user\AppData\Local\Microsoft\VisualStudio\16.0_3267856a\devenv.exe.config
PROCESSOR_ARCHITECTURE = x86
PROCESSOR_ARCHITEW6432 = AMD64
PROCESSOR_IDENTIFIER = Intel64 Family 6 Model 158 Stepping 9, GenuineIntel
PROCESSOR_LEVEL = 6
PROCESSOR_REVISION = 9e09
ProgramData = C:\ProgramData
ProgramFiles = C:\Program Files (x86)
ProgramFiles(x86) = C:\Program Files (x86)
ProgramW6432 = C:\Program Files
PSModulePath = C:\Program Files\WindowsPowerShell\Modules;C:\WINDOWS\system32\WindowsPowerShell\v1.0\Modules
PT7HOME = C:\Program Files\Cisco Packet Tracer 7.2.2
PUBLIC = C:\Users\Public
QT_DEVICE_PIXEL_RATIO = auto
ServiceHubLogSessionKey = 1923405F
SESSIONNAME = Console
SignInWithHomeTenantOnly = False
SystemDrive = C:
SystemRoot = C:\WINDOWS
TEMP = C:\Users\user\AppData\Local\Temp
ThreadedWaitDialogDpiContext = -4
TMP = C:\Users\user\AppData\Local\Temp
USERDOMAIN = 1104-01
USERDOMAIN_ROAMINGPROFILE = 1104-01
USERNAME = user
USERPROFILE = C:\Users\user
VisualStudioDir = C:\Users\user\OneDrive\문서\Visual Studio 2019
VisualStudioEdition = Microsoft Visual Studio Community 2019
VisualStudioVersion = 16.0
VSAPPIDDIR = C:\Program Files (x86)\Microsoft Visual Studio\2019\Community\Common7\IDE\
VSAPPIDNAME = devenv.exe
VSLANG = 1042
VSSKUEDITION = Community
windir = C:\WINDOWS

  ch15-Quiz_VendingMachine.c
  ch15_control_star.c
  코드를 생성하고 있습니다...
ch15_control_etc.obj : error LNK2005: main이(가) ch15-Quiz_VendingMachine.obj에 이미 정의되어 있습니다.
D:\c 전형배\M6_C-work\x64\Debug\M6_C-work.exe : fatal error LNK1169: 여러 번 정의된 기호가 있습니다.

프로젝트 성능 요약:
     2507ms  D:\c 전형배\M6_C-work\M6_C-work.vcxproj       1회 호출
               2507ms  Build                                      1회 호출

대상 성능 요약:
        0ms  _BuildGenerateSourcesAction                1회 호출
        0ms  _Midl                                      1회 호출
        0ms  CreateCustomManifestResourceNames          1회 호출
        0ms  AfterBuildGenerateSourcesEvent             1회 호출
        0ms  BuildGenerateSources                       1회 호출
        0ms  BuildCompileTraverse                       1회 호출
        0ms  BeforeClCompile                            1회 호출
        0ms  FindReferenceAssembliesForReferences       1회 호출
        0ms  ComputeReferenceCLInput                    1회 호출
        0ms  DoLinkOutputFilesMatch                     1회 호출
        0ms  FixupCLCompileOptions                      1회 호출
        0ms  SelectClCompile                            1회 호출
        0ms  AfterClCompile                             1회 호출
        0ms  _ClCompile                                 1회 호출
        0ms  MakeDirsForResourceCompile                 1회 호출
        0ms  AfterResourceCompile                       1회 호출
        0ms  _ResourceCompile                           1회 호출
        0ms  AfterBuildCompileEvent                     1회 호출
        0ms  _BuildCompileAction                        1회 호출
        0ms  BuildCompile                               1회 호출
        0ms  BuildLinkTraverse                          1회 호출
        0ms  ComputeLegacyManifestEmbedding             1회 호출
        0ms  BeforeLink                                 1회 호출
        0ms  ComputeRCOutputs                           1회 호출
        0ms  ComputeRCGeneratedLinkInputs               1회 호출
        0ms  ComputeManifestGeneratedLinkerInputs       1회 호출
        0ms  ComputeLinkInputsFromProject               1회 호출
        0ms  ComputeManifestInputsTargets               1회 호출
        0ms  AssignTargetPaths                          1회 호출
        0ms  SplitResourcesByCulture                    1회 호출
        0ms  AfterMidl                                  1회 호출
        0ms  ComputeMIDLGeneratedCompileInputs          1회 호출
        0ms  AfterBuildGenerateSources                  1회 호출
        0ms  _Xsd                                       1회 호출
        0ms  MakeDirsForMidl                            1회 호출
        0ms  PreLinkEvent                               1회 호출
        0ms  _CheckWindowsSDKInstalled                  1회 호출
        0ms  GetResolvedWinMD                           1회 호출
        0ms  SetBuildDefaultEnvironmentVariables        1회 호출
        0ms  GetReferenceAssemblyPaths                  1회 호출
        0ms  ResolveSDKReferences                       1회 호출
        0ms  GetFrameworkPaths                          1회 호출
        0ms  PrepareProjectReferences                   1회 호출
        0ms  _SplitProjectReferencesByFileExistence     1회 호출
        0ms  AssignProjectConfiguration                 1회 호출
        0ms  _PrepareForReferenceResolution             1회 호출
        0ms  _PrepareForBuild                           1회 호출
        0ms  SetTelemetryEnvironmentVariables           1회 호출
        0ms  ResolveProjectReferences                   1회 호출
        0ms  ExpandSDKReferences                        1회 호출
        0ms  PrepareResourceNames                       1회 호출
        0ms  ResolveAssemblyReferences                  1회 호출
        0ms  CopyFileToFolders                          1회 호출
        0ms  ComputeCustomBuildOutput                   1회 호출
        0ms  SelectCustomBuild                          1회 호출
        0ms  PreBuildEvent                              1회 호출
        0ms  BeforeBuildGenerateSources                 1회 호출
        0ms  _SelectedFiles                             1회 호출
        0ms  ResolveReferences                          1회 호출
        0ms  AfterResolveReferences                     1회 호출
        1ms  InitializeBuildStatus                      1회 호출
        1ms  MakeDirsForCl                              1회 호출
        1ms  ComputeLinkSwitches                        1회 호출
        1ms  SetCABuildNativeEnvironmentVariables       1회 호출
        1ms  BeforeResourceCompile                      1회 호출
        1ms  CustomBuild                                1회 호출
        1ms  ComputeCLGeneratedLinkInputs               1회 호출
        1ms  ComputeCLInputPDBName                      1회 호출
        1ms  ComputeCLOutputs                           1회 호출
        1ms  BeforeResolveReferences                    1회 호출
        1ms  BuildGenerateSourcesTraverse               1회 호출
        1ms  _GetProjectReferenceTargetFrameworkProperties   1회 호출
        1ms  MakeDirsForLink                            1회 호출
        2ms  _CheckForInvalidConfigurationAndPlatform   1회 호출
        2ms  PrepareForBuild                            1회 호출
        6ms  WarnCompileDuplicatedFilename              1회 호출
      689ms  ClCompile                                  1회 호출
     1793ms  Link                                       1회 호출

작업 성능 요약:
        0ms  Message                                    2회 호출
        0ms  AssignProjectConfiguration                 1회 호출
        0ms  MSBuild                                    1회 호출
        0ms  MakeDir                                    7회 호출
        0ms  CheckVCToolsetVersion                      1회 호출
        0ms  WriteLinesToFile                           1회 호출
        0ms  Touch                                      1회 호출
        0ms  AssignTargetPath                           4회 호출
        0ms  AssignCulture                              1회 호출
        1ms  ReadLinesFromFile                          1회 호출
        1ms  SetEnv                                     8회 호출
        1ms  GetOutOfDateItems                          3회 호출
      687ms  CL                                         1회 호출
     1791ms  Link                                       1회 호출
